[2021-05-14 09:26:03,699] {dag_processing.py:601} INFO - Processing files using up to 2 processes at a time 
[2021-05-14 09:26:03,700] {dag_processing.py:602} INFO - Process each file at most once every 30 seconds
[2021-05-14 09:26:03,700] {dag_processing.py:604} INFO - Checking for new files in /opt/airflow/dags every 300 seconds
[2021-05-14 09:26:03,700] {dag_processing.py:752} INFO - Searching for files in /opt/airflow/dags
[2021-05-14 09:26:03,702] {dag_processing.py:755} INFO - There are 0 files in /opt/airflow/dags
[2021-05-14 09:26:03,823] {dag_processing.py:1092} INFO - Finding 'running' jobs without a recent heartbeat
[2021-05-14 09:26:03,830] {dag_processing.py:1096} INFO - Failing jobs without heartbeat after 2021-05-14 09:21:03.830625+00:00
[2021-05-14 09:26:13,934] {dag_processing.py:1092} INFO - Finding 'running' jobs without a recent heartbeat
[2021-05-14 09:26:13,934] {dag_processing.py:1096} INFO - Failing jobs without heartbeat after 2021-05-14 09:21:13.934453+00:00
[2021-05-14 09:26:23,955] {dag_processing.py:1092} INFO - Finding 'running' jobs without a recent heartbeat
[2021-05-14 09:26:23,955] {dag_processing.py:1096} INFO - Failing jobs without heartbeat after 2021-05-14 09:21:23.955365+00:00
[2021-05-14 09:26:33,979] {dag_processing.py:1092} INFO - Finding 'running' jobs without a recent heartbeat
[2021-05-14 09:26:33,982] {dag_processing.py:1096} INFO - Failing jobs without heartbeat after 2021-05-14 09:21:33.982220+00:00
[2021-05-14 09:26:44,007] {dag_processing.py:1092} INFO - Finding 'running' jobs without a recent heartbeat
[2021-05-14 09:26:44,008] {dag_processing.py:1096} INFO - Failing jobs without heartbeat after 2021-05-14 09:21:44.008326+00:00
[2021-05-14 09:26:54,037] {dag_processing.py:1092} INFO - Finding 'running' jobs without a recent heartbeat
[2021-05-14 09:26:54,037] {dag_processing.py:1096} INFO - Failing jobs without heartbeat after 2021-05-14 09:21:54.037225+00:00
[2021-05-14 09:27:04,056] {dag_processing.py:1092} INFO - Finding 'running' jobs without a recent heartbeat
[2021-05-14 09:27:04,057] {dag_processing.py:1096} INFO - Failing jobs without heartbeat after 2021-05-14 09:22:04.056981+00:00
[2021-05-14 09:27:14,152] {dag_processing.py:1092} INFO - Finding 'running' jobs without a recent heartbeat
[2021-05-14 09:27:14,153] {dag_processing.py:1096} INFO - Failing jobs without heartbeat after 2021-05-14 09:22:14.153116+00:00
[2021-05-14 09:27:15,165] {dag_processing.py:582} INFO - Exiting gracefully upon receiving signal 15
[2021-05-14 09:27:44,616] {dag_processing.py:601} INFO - Processing files using up to 2 processes at a time 
[2021-05-14 09:27:44,620] {dag_processing.py:602} INFO - Process each file at most once every 30 seconds
[2021-05-14 09:27:44,620] {dag_processing.py:604} INFO - Checking for new files in /opt/airflow/dags every 300 seconds
[2021-05-14 09:27:44,621] {dag_processing.py:752} INFO - Searching for files in /opt/airflow/dags
[2021-05-14 09:27:44,637] {dag_processing.py:755} INFO - There are 1 files in /opt/airflow/dags
[2021-05-14 09:27:44,748] {dag_processing.py:1092} INFO - Finding 'running' jobs without a recent heartbeat
[2021-05-14 09:27:44,751] {dag_processing.py:1096} INFO - Failing jobs without heartbeat after 2021-05-14 09:22:44.751429+00:00
[2021-05-14 09:27:44,838] {dag_processing.py:859} INFO - 
================================================================================
DAG File Processing Stats

File Path                         PID  Runtime      # DAGs    # Errors  Last Runtime    Last Run
------------------------------  -----  ---------  --------  ----------  --------------  ----------
/opt/airflow/dags/first_dag.py     28  0.09s             0           0
================================================================================
[2021-05-14 09:27:54,857] {dag_processing.py:1092} INFO - Finding 'running' jobs without a recent heartbeat
[2021-05-14 09:27:54,858] {dag_processing.py:1096} INFO - Failing jobs without heartbeat after 2021-05-14 09:22:54.858247+00:00
[2021-05-14 09:28:04,926] {dag_processing.py:1092} INFO - Finding 'running' jobs without a recent heartbeat
[2021-05-14 09:28:04,926] {dag_processing.py:1096} INFO - Failing jobs without heartbeat after 2021-05-14 09:23:04.926606+00:00
[2021-05-14 09:28:14,964] {dag_processing.py:1092} INFO - Finding 'running' jobs without a recent heartbeat
[2021-05-14 09:28:14,964] {dag_processing.py:1096} INFO - Failing jobs without heartbeat after 2021-05-14 09:23:14.964529+00:00
[2021-05-14 09:28:14,974] {dag_processing.py:859} INFO - 
================================================================================
DAG File Processing Stats

File Path                       PID    Runtime      # DAGs    # Errors  Last Runtime    Last Run
------------------------------  -----  ---------  --------  ----------  --------------  -------------------
/opt/airflow/dags/first_dag.py                           1           0  0.35s           2021-05-14T09:27:45
================================================================================
[2021-05-14 09:28:25,177] {dag_processing.py:1092} INFO - Finding 'running' jobs without a recent heartbeat
[2021-05-14 09:28:25,178] {dag_processing.py:1096} INFO - Failing jobs without heartbeat after 2021-05-14 09:23:25.178289+00:00
[2021-05-14 09:28:35,213] {dag_processing.py:1092} INFO - Finding 'running' jobs without a recent heartbeat
[2021-05-14 09:28:35,214] {dag_processing.py:1096} INFO - Failing jobs without heartbeat after 2021-05-14 09:23:35.214105+00:00
[2021-05-14 09:28:45,250] {dag_processing.py:1092} INFO - Finding 'running' jobs without a recent heartbeat
[2021-05-14 09:28:45,250] {dag_processing.py:1096} INFO - Failing jobs without heartbeat after 2021-05-14 09:23:45.250422+00:00
[2021-05-14 09:28:45,255] {dag_processing.py:859} INFO - 
================================================================================
DAG File Processing Stats

File Path                       PID    Runtime      # DAGs    # Errors  Last Runtime    Last Run
------------------------------  -----  ---------  --------  ----------  --------------  -------------------
/opt/airflow/dags/first_dag.py                           1           0  0.24s           2021-05-14T09:28:15
================================================================================
[2021-05-14 09:28:55,464] {dag_processing.py:1092} INFO - Finding 'running' jobs without a recent heartbeat
[2021-05-14 09:28:55,465] {dag_processing.py:1096} INFO - Failing jobs without heartbeat after 2021-05-14 09:23:55.465427+00:00
[2021-05-14 09:29:05,502] {dag_processing.py:1092} INFO - Finding 'running' jobs without a recent heartbeat
[2021-05-14 09:29:05,502] {dag_processing.py:1096} INFO - Failing jobs without heartbeat after 2021-05-14 09:24:05.502744+00:00
[2021-05-14 09:29:13,629] {dag_processing.py:582} INFO - Exiting gracefully upon receiving signal 15
