[2021-05-14 09:27:44,783] {scheduler_job.py:182} INFO - Started process (PID=28) to work on /opt/airflow/dags/first_dag.py
[2021-05-14 09:27:44,790] {scheduler_job.py:629} INFO - Processing file /opt/airflow/dags/first_dag.py for tasks to queue
[2021-05-14 09:27:44,793] {logging_mixin.py:104} INFO - [2021-05-14 09:27:44,792] {dagbag.py:451} INFO - Filling up the DagBag from /opt/airflow/dags/first_dag.py
[2021-05-14 09:27:44,935] {scheduler_job.py:639} INFO - DAG(s) dict_keys(['first_dag']) retrieved from /opt/airflow/dags/first_dag.py
[2021-05-14 09:27:44,984] {logging_mixin.py:104} INFO - [2021-05-14 09:27:44,984] {dag.py:1824} INFO - Sync 1 DAGs
[2021-05-14 09:27:45,009] {logging_mixin.py:104} INFO - [2021-05-14 09:27:45,009] {dag.py:1843} INFO - Creating ORM DAG for first_dag
[2021-05-14 09:27:45,051] {logging_mixin.py:104} INFO - [2021-05-14 09:27:45,051] {dag.py:2280} INFO - Setting next_dagrun for first_dag to 2021-05-13 00:00:00+00:00
[2021-05-14 09:27:45,078] {scheduler_job.py:190} INFO - Processing /opt/airflow/dags/first_dag.py took 0.307 seconds
[2021-05-14 09:28:15,163] {scheduler_job.py:182} INFO - Started process (PID=29) to work on /opt/airflow/dags/first_dag.py
[2021-05-14 09:28:15,165] {scheduler_job.py:629} INFO - Processing file /opt/airflow/dags/first_dag.py for tasks to queue
[2021-05-14 09:28:15,172] {logging_mixin.py:104} INFO - [2021-05-14 09:28:15,172] {dagbag.py:451} INFO - Filling up the DagBag from /opt/airflow/dags/first_dag.py
[2021-05-14 09:28:15,204] {scheduler_job.py:639} INFO - DAG(s) dict_keys(['first_dag']) retrieved from /opt/airflow/dags/first_dag.py
[2021-05-14 09:28:15,254] {logging_mixin.py:104} INFO - [2021-05-14 09:28:15,254] {dag.py:1824} INFO - Sync 1 DAGs
[2021-05-14 09:28:15,338] {logging_mixin.py:104} INFO - [2021-05-14 09:28:15,338] {dag.py:2280} INFO - Setting next_dagrun for first_dag to 2021-05-13 00:00:00+00:00
[2021-05-14 09:28:15,356] {scheduler_job.py:190} INFO - Processing /opt/airflow/dags/first_dag.py took 0.199 seconds
[2021-05-14 09:28:45,456] {scheduler_job.py:182} INFO - Started process (PID=30) to work on /opt/airflow/dags/first_dag.py
[2021-05-14 09:28:45,459] {scheduler_job.py:629} INFO - Processing file /opt/airflow/dags/first_dag.py for tasks to queue
[2021-05-14 09:28:45,461] {logging_mixin.py:104} INFO - [2021-05-14 09:28:45,461] {dagbag.py:451} INFO - Filling up the DagBag from /opt/airflow/dags/first_dag.py
[2021-05-14 09:28:45,488] {scheduler_job.py:639} INFO - DAG(s) dict_keys(['first_dag']) retrieved from /opt/airflow/dags/first_dag.py
[2021-05-14 09:28:45,506] {logging_mixin.py:104} INFO - [2021-05-14 09:28:45,506] {dag.py:1824} INFO - Sync 1 DAGs
[2021-05-14 09:28:45,529] {logging_mixin.py:104} INFO - [2021-05-14 09:28:45,529] {dag.py:2280} INFO - Setting next_dagrun for first_dag to 2021-05-13 00:00:00+00:00
[2021-05-14 09:28:45,543] {scheduler_job.py:190} INFO - Processing /opt/airflow/dags/first_dag.py took 0.096 seconds
